


ARM Macro Assembler    Page 1 


    1 00000000         ;******************** (C) COPYRIGHT 2020 FMD ***********
                       *******************************
    2 00000000         ;* File Name          : startup_ft32f030x8.s
    3 00000000         ;* Author             : AE
    4 00000000         ;* Version            : V1.0.0
    5 00000000         ;* Date               : 2020-06-22
    6 00000000         ;* Description        : FT32F030X8 devices vector table 
                       for MDK-ARM toolchain.
    7 00000000         ;*                      This module performs:
    8 00000000         ;*                      - Set the initial SP
    9 00000000         ;*                      - Set the initial PC == Reset_Ha
                       ndler
   10 00000000         ;*                      - Set the vector table entries w
                       ith the exceptions ISR address
   11 00000000         ;*                      - Configure the system clock
   12 00000000         ;*                      - Branches to __main in the C li
                       brary (which eventually
   13 00000000         ;*                        calls main()).
   14 00000000         ;*                      After Reset the CortexM0 process
                       or is in Thread mode,
   15 00000000         ;*                      priority is Privileged, and the 
                       Stack is set to Main.
   16 00000000         ;* <<< Use Configuration Wizard in Context Menu >>>   
   17 00000000         ;
   18 00000000         ; Amount of memory (in bytes) allocated for Stack
   19 00000000         ; Tailor this value to your application needs
   20 00000000         ; <h> Stack Configuration
   21 00000000         ;   <o> Stack Size (in Bytes) <0x0-0xFFFFFFFF:8>
   22 00000000         ; </h>
   23 00000000         
   24 00000000 00000400 
                       Stack_Size
                               EQU              0x00000400
   25 00000000         
   26 00000000                 AREA             STACK, NOINIT, READWRITE, ALIGN
=3
   27 00000000         Stack_Mem
                               SPACE            Stack_Size
   28 00000400         __initial_sp
   29 00000400         
   30 00000400         
   31 00000400         ; <h> Heap Configuration
   32 00000400         ;   <o>  Heap Size (in Bytes) <0x0-0xFFFFFFFF:8>
   33 00000400         ; </h>
   34 00000400         
   35 00000400 00000200 
                       Heap_Size
                               EQU              0x00000200
   36 00000400         
   37 00000400                 AREA             HEAP, NOINIT, READWRITE, ALIGN=
3
   38 00000000         __heap_base
   39 00000000         Heap_Mem
                               SPACE            Heap_Size
   40 00000200         __heap_limit
   41 00000200         
   42 00000200                 PRESERVE8
   43 00000200                 THUMB
   44 00000200         



ARM Macro Assembler    Page 2 


   45 00000200         
   46 00000200         ; Vector Table Mapped to Address 0 at Reset
   47 00000200                 AREA             RESET, DATA, READONLY
   48 00000000                 EXPORT           __Vectors
   49 00000000                 EXPORT           __Vectors_End
   50 00000000                 EXPORT           __Vectors_Size
   51 00000000         
   52 00000000 00000000 
                       __Vectors
                               DCD              __initial_sp ; Top of Stack
   53 00000004 00000000        DCD              Reset_Handler ; Reset Handler
   54 00000008 00000000        DCD              NMI_Handler ; NMI Handler
   55 0000000C 00000000        DCD              HardFault_Handler ; Hard Fault 
                                                            Handler
   56 00000010 00000000        DCD              0           ; Reserved
   57 00000014 00000000        DCD              0           ; Reserved
   58 00000018 00000000        DCD              0           ; Reserved
   59 0000001C 00000000        DCD              0           ; Reserved
   60 00000020 00000000        DCD              0           ; Reserved
   61 00000024 00000000        DCD              0           ; Reserved
   62 00000028 00000000        DCD              0           ; Reserved
   63 0000002C 00000000        DCD              SVC_Handler ; SVCall Handler
   64 00000030 00000000        DCD              0           ; Reserved
   65 00000034 00000000        DCD              0           ; Reserved
   66 00000038 00000000        DCD              PendSV_Handler ; PendSV Handler
                                                            
   67 0000003C 00000000        DCD              SysTick_Handler 
                                                            ; SysTick Handler
   68 00000040         
   69 00000040         ; External Interrupts
   70 00000040 00000000        DCD              WWDG_IRQHandler 
                                                            ; Window Watchdog
   71 00000044 00000000        DCD              PVD_VDDIO_IRQHandler 
                                                            ; PVD_VDDIO 
   72 00000048 00000000        DCD              RTC_IRQHandler ; RTC through EX
                                                            TI Line
   73 0000004C 00000000        DCD              FLASH_IRQHandler ; FLASH
   74 00000050 00000000        DCD              RCC_IRQHandler ; RCC
   75 00000054 00000000        DCD              EXTI0_1_IRQHandler 
                                                            ; EXTI Line 0 and 1
                                                            
   76 00000058 00000000        DCD              EXTI2_3_IRQHandler 
                                                            ; EXTI Line 2 and 3
                                                            
   77 0000005C 00000000        DCD              EXTI4_15_IRQHandler 
                                                            ; EXTI Line 4 to 15
                                                            
   78 00000060 00000000        DCD              0           ; Reserved
   79 00000064 00000000        DCD              DMA1_Channel1_IRQHandler 
                                                            ; DMA1 Channel 1
   80 00000068 00000000        DCD              DMA1_Channel2_3_IRQHandler ; DM
                                                            A1 Channel 2 and Ch
                                                            annel 3
   81 0000006C 00000000        DCD              DMA1_Channel4_5_IRQHandler ; DM
                                                            A1 Channel 4 and Ch
                                                            annel 5
   82 00000070 00000000        DCD              ADC1_IRQHandler ; ADC1 
   83 00000074 00000000        DCD              TIM1_BRK_UP_TRG_COM_IRQHandler 
                                                            ; TIM1 Break, Updat



ARM Macro Assembler    Page 3 


                                                            e, Trigger and Comm
                                                            utation
   84 00000078 00000000        DCD              TIM1_CC_IRQHandler ; TIM1 Captu
                                                            re Compare
   85 0000007C 00000000        DCD              0           ; Reserved
   86 00000080 00000000        DCD              TIM3_IRQHandler ; TIM3
   87 00000084 00000000        DCD              TIM6_IRQHandler ; TIM6
   88 00000088 00000000        DCD              0           ; Reserved
   89 0000008C 00000000        DCD              TIM14_IRQHandler ; TIM14
   90 00000090 00000000        DCD              TIM15_IRQHandler ; TIM15
   91 00000094 00000000        DCD              TIM16_IRQHandler ; TIM16
   92 00000098 00000000        DCD              TIM17_IRQHandler ; TIM17
   93 0000009C 00000000        DCD              I2C1_IRQHandler ; I2C1
   94 000000A0 00000000        DCD              I2C2_IRQHandler ; I2C2
   95 000000A4 00000000        DCD              SPI1_IRQHandler ; SPI1
   96 000000A8 00000000        DCD              SPI2_IRQHandler ; SPI2
   97 000000AC 00000000        DCD              USART1_IRQHandler ; USART1
   98 000000B0 00000000        DCD              USART2_IRQHandler ; USART2
   99 000000B4 00000000        DCD              0           ; Reserved
  100 000000B8 00000000        DCD              0           ; Reserved
  101 000000BC 00000000        DCD              USB_IRQHandler ; USB
  102 000000C0         
  103 000000C0         __Vectors_End
  104 000000C0         
  105 000000C0 000000C0 
                       __Vectors_Size
                               EQU              __Vectors_End - __Vectors
  106 000000C0         
  107 000000C0                 AREA             |.text|, CODE, READONLY
  108 00000000         
  109 00000000         ; Reset handler routine
  110 00000000         Reset_Handler
                               PROC
  111 00000000                 EXPORT           Reset_Handler                 [
WEAK]
  112 00000000                 IMPORT           __main
  113 00000000                 IMPORT           SystemInit
  114 00000000         
  115 00000000         
  116 00000000         
  117 00000000 480C            LDR              R0, =__initial_sp ; set stack p
                                                            ointer 
  118 00000002 F380 8808       MSR              MSP, R0
  119 00000006         
  120 00000006         ;;Check if boot space corresponds to test memory 
  121 00000006         
  122 00000006 480C            LDR              R0,=0x00000004
  123 00000008 6801            LDR              R1, [R0]
  124 0000000A 0E09            LSRS             R1, R1, #24
  125 0000000C 4A0B            LDR              R2,=0x1F
  126 0000000E 4291            CMP              R1, R2
  127 00000010         
  128 00000010 D105            BNE              ApplicationStart
  129 00000012         
  130 00000012         ;; SYSCFG clock enable    
  131 00000012         
  132 00000012 480B            LDR              R0,=0x40021018
  133 00000014 490B            LDR              R1,=0x00000001
  134 00000016 6001            STR              R1, [R0]



ARM Macro Assembler    Page 4 


  135 00000018         
  136 00000018         ;; Set CFGR1 register with flash memory remap at address
                        0
  137 00000018         
  138 00000018 480B            LDR              R0,=0x40010000
  139 0000001A 490C            LDR              R1,=0x00000000
  140 0000001C 6001            STR              R1, [R0]
  141 0000001E         ApplicationStart
  142 0000001E 480C            LDR              R0, =SystemInit
  143 00000020 4780            BLX              R0
  144 00000022 480C            LDR              R0, =__main
  145 00000024 4700            BX               R0
  146 00000026                 ENDP
  147 00000026         
  148 00000026         ; Dummy Exception Handlers (infinite loops which can be 
                       modified)
  149 00000026         
  150 00000026         NMI_Handler
                               PROC
  151 00000026                 EXPORT           NMI_Handler                    
[WEAK]
  152 00000026 E7FE            B                .
  153 00000028                 ENDP
  155 00000028         HardFault_Handler
                               PROC
  156 00000028                 EXPORT           HardFault_Handler              
[WEAK]
  157 00000028 E7FE            B                .
  158 0000002A                 ENDP
  159 0000002A         SVC_Handler
                               PROC
  160 0000002A                 EXPORT           SVC_Handler                    
[WEAK]
  161 0000002A E7FE            B                .
  162 0000002C                 ENDP
  163 0000002C         PendSV_Handler
                               PROC
  164 0000002C                 EXPORT           PendSV_Handler                 
[WEAK]
  165 0000002C E7FE            B                .
  166 0000002E                 ENDP
  167 0000002E         SysTick_Handler
                               PROC
  168 0000002E                 EXPORT           SysTick_Handler                
[WEAK]
  169 0000002E E7FE            B                .
  170 00000030                 ENDP
  171 00000030         
  172 00000030         Default_Handler
                               PROC
  173 00000030         
  174 00000030                 EXPORT           WWDG_IRQHandler                
[WEAK]
  175 00000030                 EXPORT           PVD_VDDIO_IRQHandler           
[WEAK]
  176 00000030                 EXPORT           RTC_IRQHandler                 
[WEAK]
  177 00000030                 EXPORT           FLASH_IRQHandler               
[WEAK]



ARM Macro Assembler    Page 5 


  178 00000030                 EXPORT           RCC_IRQHandler                 
[WEAK]
  179 00000030                 EXPORT           EXTI0_1_IRQHandler             
[WEAK]
  180 00000030                 EXPORT           EXTI2_3_IRQHandler             
[WEAK]
  181 00000030                 EXPORT           EXTI4_15_IRQHandler            
[WEAK]
  182 00000030                 EXPORT           DMA1_Channel1_IRQHandler       
[WEAK]
  183 00000030                 EXPORT           DMA1_Channel2_3_IRQHandler     
[WEAK]
  184 00000030                 EXPORT           DMA1_Channel4_5_IRQHandler     
[WEAK]
  185 00000030                 EXPORT           ADC1_IRQHandler                
[WEAK]
  186 00000030                 EXPORT           TIM1_BRK_UP_TRG_COM_IRQHandler 
[WEAK]
  187 00000030                 EXPORT           TIM1_CC_IRQHandler             
[WEAK]
  188 00000030                 EXPORT           TIM3_IRQHandler                
[WEAK]
  189 00000030                 EXPORT           TIM6_IRQHandler                
[WEAK]
  190 00000030                 EXPORT           TIM14_IRQHandler               
[WEAK]
  191 00000030                 EXPORT           TIM15_IRQHandler               
[WEAK]
  192 00000030                 EXPORT           TIM16_IRQHandler               
[WEAK]
  193 00000030                 EXPORT           TIM17_IRQHandler               
[WEAK]
  194 00000030                 EXPORT           I2C1_IRQHandler                
[WEAK]
  195 00000030                 EXPORT           I2C2_IRQHandler                
[WEAK]
  196 00000030                 EXPORT           SPI1_IRQHandler                
[WEAK]
  197 00000030                 EXPORT           SPI2_IRQHandler                
[WEAK]
  198 00000030                 EXPORT           USART1_IRQHandler              
[WEAK]
  199 00000030                 EXPORT           USART2_IRQHandler              
[WEAK]
  200 00000030                 EXPORT           USB_IRQHandler                 
[WEAK]
  201 00000030         
  202 00000030         
  203 00000030         WWDG_IRQHandler
  204 00000030         PVD_VDDIO_IRQHandler
  205 00000030         RTC_IRQHandler
  206 00000030         FLASH_IRQHandler
  207 00000030         RCC_IRQHandler
  208 00000030         EXTI0_1_IRQHandler
  209 00000030         EXTI2_3_IRQHandler
  210 00000030         EXTI4_15_IRQHandler
  211 00000030         DMA1_Channel1_IRQHandler
  212 00000030         DMA1_Channel2_3_IRQHandler
  213 00000030         DMA1_Channel4_5_IRQHandler



ARM Macro Assembler    Page 6 


  214 00000030         ADC1_IRQHandler
  215 00000030         TIM1_BRK_UP_TRG_COM_IRQHandler
  216 00000030         TIM1_CC_IRQHandler
  217 00000030         TIM3_IRQHandler
  218 00000030         TIM6_IRQHandler
  219 00000030         TIM14_IRQHandler
  220 00000030         TIM15_IRQHandler
  221 00000030         TIM16_IRQHandler
  222 00000030         TIM17_IRQHandler
  223 00000030         I2C1_IRQHandler
  224 00000030         I2C2_IRQHandler
  225 00000030         SPI1_IRQHandler
  226 00000030         SPI2_IRQHandler
  227 00000030         USART1_IRQHandler
  228 00000030         USART2_IRQHandler
  229 00000030         USB_IRQHandler
  230 00000030         
  231 00000030 E7FE            B                .
  232 00000032         
  233 00000032                 ENDP
  234 00000032         
  235 00000032 00 00           ALIGN
  236 00000034         
  237 00000034         ;*******************************************************
                       ************************
  238 00000034         ; User Stack and Heap initialization
  239 00000034         ;*******************************************************
                       ************************
  240 00000034                 IF               :DEF:__MICROLIB
  241 00000034         
  242 00000034                 EXPORT           __initial_sp
  243 00000034                 EXPORT           __heap_base
  244 00000034                 EXPORT           __heap_limit
  245 00000034         
  246 00000034                 ELSE
  261                          ENDIF
  262 00000034         
  263 00000034                 END
              00000000 
              00000004 
              0000001F 
              40021018 
              00000001 
              40010000 
              00000000 
              00000000 
              00000000 
Command Line: --debug --xref --diag_suppress=9931 --cpu=Cortex-M0 --apcs=interw
ork --depend=.\objects\startup_ft32f030x8.d -o.\objects\startup_ft32f030x8.o -I
.\RTE\_FT32F030X -ID:\WorkSoftware\keil\ARM\PACK\FMD\FT32F0xx_DFP\1.0.4\Drivers
\CMSIS\FT32F0xx\Include -ID:\WorkSoftware\keil\ARM\CMSIS\Include --predefine="_
_MICROLIB SETA 1" --predefine="__UVISION_VERSION SETA 527" --predefine="FT32F03
0x8 SETA 1" --list=.\listings\startup_ft32f030x8.lst ..\..\..\Libraries\CMSIS\D
evice\FT\FT32F0xx\Source\Templates\arm\startup_ft32f030x8.s



ARM Macro Assembler    Page 1 Alphabetic symbol ordering
Relocatable symbols

STACK 00000000

Symbol: STACK
   Definitions
      At line 26 in file ..\..\..\Libraries\CMSIS\Device\FT\FT32F0xx\Source\Tem
plates\arm\startup_ft32f030x8.s
   Uses
      None
Comment: STACK unused
Stack_Mem 00000000

Symbol: Stack_Mem
   Definitions
      At line 27 in file ..\..\..\Libraries\CMSIS\Device\FT\FT32F0xx\Source\Tem
plates\arm\startup_ft32f030x8.s
   Uses
      None
Comment: Stack_Mem unused
__initial_sp 00000400

Symbol: __initial_sp
   Definitions
      At line 28 in file ..\..\..\Libraries\CMSIS\Device\FT\FT32F0xx\Source\Tem
plates\arm\startup_ft32f030x8.s
   Uses
      At line 52 in file ..\..\..\Libraries\CMSIS\Device\FT\FT32F0xx\Source\Tem
plates\arm\startup_ft32f030x8.s
      At line 117 in file ..\..\..\Libraries\CMSIS\Device\FT\FT32F0xx\Source\Te
mplates\arm\startup_ft32f030x8.s
      At line 242 in file ..\..\..\Libraries\CMSIS\Device\FT\FT32F0xx\Source\Te
mplates\arm\startup_ft32f030x8.s

3 symbols



ARM Macro Assembler    Page 1 Alphabetic symbol ordering
Relocatable symbols

HEAP 00000000

Symbol: HEAP
   Definitions
      At line 37 in file ..\..\..\Libraries\CMSIS\Device\FT\FT32F0xx\Source\Tem
plates\arm\startup_ft32f030x8.s
   Uses
      None
Comment: HEAP unused
Heap_Mem 00000000

Symbol: Heap_Mem
   Definitions
      At line 39 in file ..\..\..\Libraries\CMSIS\Device\FT\FT32F0xx\Source\Tem
plates\arm\startup_ft32f030x8.s
   Uses
      None
Comment: Heap_Mem unused
__heap_base 00000000

Symbol: __heap_base
   Definitions
      At line 38 in file ..\..\..\Libraries\CMSIS\Device\FT\FT32F0xx\Source\Tem
plates\arm\startup_ft32f030x8.s
   Uses
      At line 243 in file ..\..\..\Libraries\CMSIS\Device\FT\FT32F0xx\Source\Te
mplates\arm\startup_ft32f030x8.s
Comment: __heap_base used once
__heap_limit 00000200

Symbol: __heap_limit
   Definitions
      At line 40 in file ..\..\..\Libraries\CMSIS\Device\FT\FT32F0xx\Source\Tem
plates\arm\startup_ft32f030x8.s
   Uses
      At line 244 in file ..\..\..\Libraries\CMSIS\Device\FT\FT32F0xx\Source\Te
mplates\arm\startup_ft32f030x8.s
Comment: __heap_limit used once
4 symbols



ARM Macro Assembler    Page 1 Alphabetic symbol ordering
Relocatable symbols

RESET 00000000

Symbol: RESET
   Definitions
      At line 47 in file ..\..\..\Libraries\CMSIS\Device\FT\FT32F0xx\Source\Tem
plates\arm\startup_ft32f030x8.s
   Uses
      None
Comment: RESET unused
__Vectors 00000000

Symbol: __Vectors
   Definitions
      At line 52 in file ..\..\..\Libraries\CMSIS\Device\FT\FT32F0xx\Source\Tem
plates\arm\startup_ft32f030x8.s
   Uses
      At line 48 in file ..\..\..\Libraries\CMSIS\Device\FT\FT32F0xx\Source\Tem
plates\arm\startup_ft32f030x8.s
      At line 105 in file ..\..\..\Libraries\CMSIS\Device\FT\FT32F0xx\Source\Te
mplates\arm\startup_ft32f030x8.s

__Vectors_End 000000C0

Symbol: __Vectors_End
   Definitions
      At line 103 in file ..\..\..\Libraries\CMSIS\Device\FT\FT32F0xx\Source\Te
mplates\arm\startup_ft32f030x8.s
   Uses
      At line 49 in file ..\..\..\Libraries\CMSIS\Device\FT\FT32F0xx\Source\Tem
plates\arm\startup_ft32f030x8.s
      At line 105 in file ..\..\..\Libraries\CMSIS\Device\FT\FT32F0xx\Source\Te
mplates\arm\startup_ft32f030x8.s

3 symbols



ARM Macro Assembler    Page 1 Alphabetic symbol ordering
Relocatable symbols

.text 00000000

Symbol: .text
   Definitions
      At line 107 in file ..\..\..\Libraries\CMSIS\Device\FT\FT32F0xx\Source\Te
mplates\arm\startup_ft32f030x8.s
   Uses
      None
Comment: .text unused
ADC1_IRQHandler 00000030

Symbol: ADC1_IRQHandler
   Definitions
      At line 214 in file ..\..\..\Libraries\CMSIS\Device\FT\FT32F0xx\Source\Te
mplates\arm\startup_ft32f030x8.s
   Uses
      At line 82 in file ..\..\..\Libraries\CMSIS\Device\FT\FT32F0xx\Source\Tem
plates\arm\startup_ft32f030x8.s
      At line 185 in file ..\..\..\Libraries\CMSIS\Device\FT\FT32F0xx\Source\Te
mplates\arm\startup_ft32f030x8.s

ApplicationStart 0000001E

Symbol: ApplicationStart
   Definitions
      At line 141 in file ..\..\..\Libraries\CMSIS\Device\FT\FT32F0xx\Source\Te
mplates\arm\startup_ft32f030x8.s
   Uses
      At line 128 in file ..\..\..\Libraries\CMSIS\Device\FT\FT32F0xx\Source\Te
mplates\arm\startup_ft32f030x8.s
Comment: ApplicationStart used once
DMA1_Channel1_IRQHandler 00000030

Symbol: DMA1_Channel1_IRQHandler
   Definitions
      At line 211 in file ..\..\..\Libraries\CMSIS\Device\FT\FT32F0xx\Source\Te
mplates\arm\startup_ft32f030x8.s
   Uses
      At line 79 in file ..\..\..\Libraries\CMSIS\Device\FT\FT32F0xx\Source\Tem
plates\arm\startup_ft32f030x8.s
      At line 182 in file ..\..\..\Libraries\CMSIS\Device\FT\FT32F0xx\Source\Te
mplates\arm\startup_ft32f030x8.s

DMA1_Channel2_3_IRQHandler 00000030

Symbol: DMA1_Channel2_3_IRQHandler
   Definitions
      At line 212 in file ..\..\..\Libraries\CMSIS\Device\FT\FT32F0xx\Source\Te
mplates\arm\startup_ft32f030x8.s
   Uses
      At line 80 in file ..\..\..\Libraries\CMSIS\Device\FT\FT32F0xx\Source\Tem
plates\arm\startup_ft32f030x8.s
      At line 183 in file ..\..\..\Libraries\CMSIS\Device\FT\FT32F0xx\Source\Te
mplates\arm\startup_ft32f030x8.s

DMA1_Channel4_5_IRQHandler 00000030

Symbol: DMA1_Channel4_5_IRQHandler
   Definitions



ARM Macro Assembler    Page 2 Alphabetic symbol ordering
Relocatable symbols

      At line 213 in file ..\..\..\Libraries\CMSIS\Device\FT\FT32F0xx\Source\Te
mplates\arm\startup_ft32f030x8.s
   Uses
      At line 81 in file ..\..\..\Libraries\CMSIS\Device\FT\FT32F0xx\Source\Tem
plates\arm\startup_ft32f030x8.s
      At line 184 in file ..\..\..\Libraries\CMSIS\Device\FT\FT32F0xx\Source\Te
mplates\arm\startup_ft32f030x8.s

Default_Handler 00000030

Symbol: Default_Handler
   Definitions
      At line 172 in file ..\..\..\Libraries\CMSIS\Device\FT\FT32F0xx\Source\Te
mplates\arm\startup_ft32f030x8.s
   Uses
      None
Comment: Default_Handler unused
EXTI0_1_IRQHandler 00000030

Symbol: EXTI0_1_IRQHandler
   Definitions
      At line 208 in file ..\..\..\Libraries\CMSIS\Device\FT\FT32F0xx\Source\Te
mplates\arm\startup_ft32f030x8.s
   Uses
      At line 75 in file ..\..\..\Libraries\CMSIS\Device\FT\FT32F0xx\Source\Tem
plates\arm\startup_ft32f030x8.s
      At line 179 in file ..\..\..\Libraries\CMSIS\Device\FT\FT32F0xx\Source\Te
mplates\arm\startup_ft32f030x8.s

EXTI2_3_IRQHandler 00000030

Symbol: EXTI2_3_IRQHandler
   Definitions
      At line 209 in file ..\..\..\Libraries\CMSIS\Device\FT\FT32F0xx\Source\Te
mplates\arm\startup_ft32f030x8.s
   Uses
      At line 76 in file ..\..\..\Libraries\CMSIS\Device\FT\FT32F0xx\Source\Tem
plates\arm\startup_ft32f030x8.s
      At line 180 in file ..\..\..\Libraries\CMSIS\Device\FT\FT32F0xx\Source\Te
mplates\arm\startup_ft32f030x8.s

EXTI4_15_IRQHandler 00000030

Symbol: EXTI4_15_IRQHandler
   Definitions
      At line 210 in file ..\..\..\Libraries\CMSIS\Device\FT\FT32F0xx\Source\Te
mplates\arm\startup_ft32f030x8.s
   Uses
      At line 77 in file ..\..\..\Libraries\CMSIS\Device\FT\FT32F0xx\Source\Tem
plates\arm\startup_ft32f030x8.s
      At line 181 in file ..\..\..\Libraries\CMSIS\Device\FT\FT32F0xx\Source\Te
mplates\arm\startup_ft32f030x8.s

FLASH_IRQHandler 00000030

Symbol: FLASH_IRQHandler
   Definitions
      At line 206 in file ..\..\..\Libraries\CMSIS\Device\FT\FT32F0xx\Source\Te
mplates\arm\startup_ft32f030x8.s



ARM Macro Assembler    Page 3 Alphabetic symbol ordering
Relocatable symbols

   Uses
      At line 73 in file ..\..\..\Libraries\CMSIS\Device\FT\FT32F0xx\Source\Tem
plates\arm\startup_ft32f030x8.s
      At line 177 in file ..\..\..\Libraries\CMSIS\Device\FT\FT32F0xx\Source\Te
mplates\arm\startup_ft32f030x8.s

HardFault_Handler 00000028

Symbol: HardFault_Handler
   Definitions
      At line 155 in file ..\..\..\Libraries\CMSIS\Device\FT\FT32F0xx\Source\Te
mplates\arm\startup_ft32f030x8.s
   Uses
      At line 55 in file ..\..\..\Libraries\CMSIS\Device\FT\FT32F0xx\Source\Tem
plates\arm\startup_ft32f030x8.s
      At line 156 in file ..\..\..\Libraries\CMSIS\Device\FT\FT32F0xx\Source\Te
mplates\arm\startup_ft32f030x8.s

I2C1_IRQHandler 00000030

Symbol: I2C1_IRQHandler
   Definitions
      At line 223 in file ..\..\..\Libraries\CMSIS\Device\FT\FT32F0xx\Source\Te
mplates\arm\startup_ft32f030x8.s
   Uses
      At line 93 in file ..\..\..\Libraries\CMSIS\Device\FT\FT32F0xx\Source\Tem
plates\arm\startup_ft32f030x8.s
      At line 194 in file ..\..\..\Libraries\CMSIS\Device\FT\FT32F0xx\Source\Te
mplates\arm\startup_ft32f030x8.s

I2C2_IRQHandler 00000030

Symbol: I2C2_IRQHandler
   Definitions
      At line 224 in file ..\..\..\Libraries\CMSIS\Device\FT\FT32F0xx\Source\Te
mplates\arm\startup_ft32f030x8.s
   Uses
      At line 94 in file ..\..\..\Libraries\CMSIS\Device\FT\FT32F0xx\Source\Tem
plates\arm\startup_ft32f030x8.s
      At line 195 in file ..\..\..\Libraries\CMSIS\Device\FT\FT32F0xx\Source\Te
mplates\arm\startup_ft32f030x8.s

NMI_Handler 00000026

Symbol: NMI_Handler
   Definitions
      At line 150 in file ..\..\..\Libraries\CMSIS\Device\FT\FT32F0xx\Source\Te
mplates\arm\startup_ft32f030x8.s
   Uses
      At line 54 in file ..\..\..\Libraries\CMSIS\Device\FT\FT32F0xx\Source\Tem
plates\arm\startup_ft32f030x8.s
      At line 151 in file ..\..\..\Libraries\CMSIS\Device\FT\FT32F0xx\Source\Te
mplates\arm\startup_ft32f030x8.s

PVD_VDDIO_IRQHandler 00000030

Symbol: PVD_VDDIO_IRQHandler
   Definitions
      At line 204 in file ..\..\..\Libraries\CMSIS\Device\FT\FT32F0xx\Source\Te



ARM Macro Assembler    Page 4 Alphabetic symbol ordering
Relocatable symbols

mplates\arm\startup_ft32f030x8.s
   Uses
      At line 71 in file ..\..\..\Libraries\CMSIS\Device\FT\FT32F0xx\Source\Tem
plates\arm\startup_ft32f030x8.s
      At line 175 in file ..\..\..\Libraries\CMSIS\Device\FT\FT32F0xx\Source\Te
mplates\arm\startup_ft32f030x8.s

PendSV_Handler 0000002C

Symbol: PendSV_Handler
   Definitions
      At line 163 in file ..\..\..\Libraries\CMSIS\Device\FT\FT32F0xx\Source\Te
mplates\arm\startup_ft32f030x8.s
   Uses
      At line 66 in file ..\..\..\Libraries\CMSIS\Device\FT\FT32F0xx\Source\Tem
plates\arm\startup_ft32f030x8.s
      At line 164 in file ..\..\..\Libraries\CMSIS\Device\FT\FT32F0xx\Source\Te
mplates\arm\startup_ft32f030x8.s

RCC_IRQHandler 00000030

Symbol: RCC_IRQHandler
   Definitions
      At line 207 in file ..\..\..\Libraries\CMSIS\Device\FT\FT32F0xx\Source\Te
mplates\arm\startup_ft32f030x8.s
   Uses
      At line 74 in file ..\..\..\Libraries\CMSIS\Device\FT\FT32F0xx\Source\Tem
plates\arm\startup_ft32f030x8.s
      At line 178 in file ..\..\..\Libraries\CMSIS\Device\FT\FT32F0xx\Source\Te
mplates\arm\startup_ft32f030x8.s

RTC_IRQHandler 00000030

Symbol: RTC_IRQHandler
   Definitions
      At line 205 in file ..\..\..\Libraries\CMSIS\Device\FT\FT32F0xx\Source\Te
mplates\arm\startup_ft32f030x8.s
   Uses
      At line 72 in file ..\..\..\Libraries\CMSIS\Device\FT\FT32F0xx\Source\Tem
plates\arm\startup_ft32f030x8.s
      At line 176 in file ..\..\..\Libraries\CMSIS\Device\FT\FT32F0xx\Source\Te
mplates\arm\startup_ft32f030x8.s

Reset_Handler 00000000

Symbol: Reset_Handler
   Definitions
      At line 110 in file ..\..\..\Libraries\CMSIS\Device\FT\FT32F0xx\Source\Te
mplates\arm\startup_ft32f030x8.s
   Uses
      At line 53 in file ..\..\..\Libraries\CMSIS\Device\FT\FT32F0xx\Source\Tem
plates\arm\startup_ft32f030x8.s
      At line 111 in file ..\..\..\Libraries\CMSIS\Device\FT\FT32F0xx\Source\Te
mplates\arm\startup_ft32f030x8.s

SPI1_IRQHandler 00000030

Symbol: SPI1_IRQHandler
   Definitions



ARM Macro Assembler    Page 5 Alphabetic symbol ordering
Relocatable symbols

      At line 225 in file ..\..\..\Libraries\CMSIS\Device\FT\FT32F0xx\Source\Te
mplates\arm\startup_ft32f030x8.s
   Uses
      At line 95 in file ..\..\..\Libraries\CMSIS\Device\FT\FT32F0xx\Source\Tem
plates\arm\startup_ft32f030x8.s
      At line 196 in file ..\..\..\Libraries\CMSIS\Device\FT\FT32F0xx\Source\Te
mplates\arm\startup_ft32f030x8.s

SPI2_IRQHandler 00000030

Symbol: SPI2_IRQHandler
   Definitions
      At line 226 in file ..\..\..\Libraries\CMSIS\Device\FT\FT32F0xx\Source\Te
mplates\arm\startup_ft32f030x8.s
   Uses
      At line 96 in file ..\..\..\Libraries\CMSIS\Device\FT\FT32F0xx\Source\Tem
plates\arm\startup_ft32f030x8.s
      At line 197 in file ..\..\..\Libraries\CMSIS\Device\FT\FT32F0xx\Source\Te
mplates\arm\startup_ft32f030x8.s

SVC_Handler 0000002A

Symbol: SVC_Handler
   Definitions
      At line 159 in file ..\..\..\Libraries\CMSIS\Device\FT\FT32F0xx\Source\Te
mplates\arm\startup_ft32f030x8.s
   Uses
      At line 63 in file ..\..\..\Libraries\CMSIS\Device\FT\FT32F0xx\Source\Tem
plates\arm\startup_ft32f030x8.s
      At line 160 in file ..\..\..\Libraries\CMSIS\Device\FT\FT32F0xx\Source\Te
mplates\arm\startup_ft32f030x8.s

SysTick_Handler 0000002E

Symbol: SysTick_Handler
   Definitions
      At line 167 in file ..\..\..\Libraries\CMSIS\Device\FT\FT32F0xx\Source\Te
mplates\arm\startup_ft32f030x8.s
   Uses
      At line 67 in file ..\..\..\Libraries\CMSIS\Device\FT\FT32F0xx\Source\Tem
plates\arm\startup_ft32f030x8.s
      At line 168 in file ..\..\..\Libraries\CMSIS\Device\FT\FT32F0xx\Source\Te
mplates\arm\startup_ft32f030x8.s

TIM14_IRQHandler 00000030

Symbol: TIM14_IRQHandler
   Definitions
      At line 219 in file ..\..\..\Libraries\CMSIS\Device\FT\FT32F0xx\Source\Te
mplates\arm\startup_ft32f030x8.s
   Uses
      At line 89 in file ..\..\..\Libraries\CMSIS\Device\FT\FT32F0xx\Source\Tem
plates\arm\startup_ft32f030x8.s
      At line 190 in file ..\..\..\Libraries\CMSIS\Device\FT\FT32F0xx\Source\Te
mplates\arm\startup_ft32f030x8.s

TIM15_IRQHandler 00000030

Symbol: TIM15_IRQHandler



ARM Macro Assembler    Page 6 Alphabetic symbol ordering
Relocatable symbols

   Definitions
      At line 220 in file ..\..\..\Libraries\CMSIS\Device\FT\FT32F0xx\Source\Te
mplates\arm\startup_ft32f030x8.s
   Uses
      At line 90 in file ..\..\..\Libraries\CMSIS\Device\FT\FT32F0xx\Source\Tem
plates\arm\startup_ft32f030x8.s
      At line 191 in file ..\..\..\Libraries\CMSIS\Device\FT\FT32F0xx\Source\Te
mplates\arm\startup_ft32f030x8.s

TIM16_IRQHandler 00000030

Symbol: TIM16_IRQHandler
   Definitions
      At line 221 in file ..\..\..\Libraries\CMSIS\Device\FT\FT32F0xx\Source\Te
mplates\arm\startup_ft32f030x8.s
   Uses
      At line 91 in file ..\..\..\Libraries\CMSIS\Device\FT\FT32F0xx\Source\Tem
plates\arm\startup_ft32f030x8.s
      At line 192 in file ..\..\..\Libraries\CMSIS\Device\FT\FT32F0xx\Source\Te
mplates\arm\startup_ft32f030x8.s

TIM17_IRQHandler 00000030

Symbol: TIM17_IRQHandler
   Definitions
      At line 222 in file ..\..\..\Libraries\CMSIS\Device\FT\FT32F0xx\Source\Te
mplates\arm\startup_ft32f030x8.s
   Uses
      At line 92 in file ..\..\..\Libraries\CMSIS\Device\FT\FT32F0xx\Source\Tem
plates\arm\startup_ft32f030x8.s
      At line 193 in file ..\..\..\Libraries\CMSIS\Device\FT\FT32F0xx\Source\Te
mplates\arm\startup_ft32f030x8.s

TIM1_BRK_UP_TRG_COM_IRQHandler 00000030

Symbol: TIM1_BRK_UP_TRG_COM_IRQHandler
   Definitions
      At line 215 in file ..\..\..\Libraries\CMSIS\Device\FT\FT32F0xx\Source\Te
mplates\arm\startup_ft32f030x8.s
   Uses
      At line 83 in file ..\..\..\Libraries\CMSIS\Device\FT\FT32F0xx\Source\Tem
plates\arm\startup_ft32f030x8.s
      At line 186 in file ..\..\..\Libraries\CMSIS\Device\FT\FT32F0xx\Source\Te
mplates\arm\startup_ft32f030x8.s

TIM1_CC_IRQHandler 00000030

Symbol: TIM1_CC_IRQHandler
   Definitions
      At line 216 in file ..\..\..\Libraries\CMSIS\Device\FT\FT32F0xx\Source\Te
mplates\arm\startup_ft32f030x8.s
   Uses
      At line 84 in file ..\..\..\Libraries\CMSIS\Device\FT\FT32F0xx\Source\Tem
plates\arm\startup_ft32f030x8.s
      At line 187 in file ..\..\..\Libraries\CMSIS\Device\FT\FT32F0xx\Source\Te
mplates\arm\startup_ft32f030x8.s

TIM3_IRQHandler 00000030




ARM Macro Assembler    Page 7 Alphabetic symbol ordering
Relocatable symbols

Symbol: TIM3_IRQHandler
   Definitions
      At line 217 in file ..\..\..\Libraries\CMSIS\Device\FT\FT32F0xx\Source\Te
mplates\arm\startup_ft32f030x8.s
   Uses
      At line 86 in file ..\..\..\Libraries\CMSIS\Device\FT\FT32F0xx\Source\Tem
plates\arm\startup_ft32f030x8.s
      At line 188 in file ..\..\..\Libraries\CMSIS\Device\FT\FT32F0xx\Source\Te
mplates\arm\startup_ft32f030x8.s

TIM6_IRQHandler 00000030

Symbol: TIM6_IRQHandler
   Definitions
      At line 218 in file ..\..\..\Libraries\CMSIS\Device\FT\FT32F0xx\Source\Te
mplates\arm\startup_ft32f030x8.s
   Uses
      At line 87 in file ..\..\..\Libraries\CMSIS\Device\FT\FT32F0xx\Source\Tem
plates\arm\startup_ft32f030x8.s
      At line 189 in file ..\..\..\Libraries\CMSIS\Device\FT\FT32F0xx\Source\Te
mplates\arm\startup_ft32f030x8.s

USART1_IRQHandler 00000030

Symbol: USART1_IRQHandler
   Definitions
      At line 227 in file ..\..\..\Libraries\CMSIS\Device\FT\FT32F0xx\Source\Te
mplates\arm\startup_ft32f030x8.s
   Uses
      At line 97 in file ..\..\..\Libraries\CMSIS\Device\FT\FT32F0xx\Source\Tem
plates\arm\startup_ft32f030x8.s
      At line 198 in file ..\..\..\Libraries\CMSIS\Device\FT\FT32F0xx\Source\Te
mplates\arm\startup_ft32f030x8.s

USART2_IRQHandler 00000030

Symbol: USART2_IRQHandler
   Definitions
      At line 228 in file ..\..\..\Libraries\CMSIS\Device\FT\FT32F0xx\Source\Te
mplates\arm\startup_ft32f030x8.s
   Uses
      At line 98 in file ..\..\..\Libraries\CMSIS\Device\FT\FT32F0xx\Source\Tem
plates\arm\startup_ft32f030x8.s
      At line 199 in file ..\..\..\Libraries\CMSIS\Device\FT\FT32F0xx\Source\Te
mplates\arm\startup_ft32f030x8.s

USB_IRQHandler 00000030

Symbol: USB_IRQHandler
   Definitions
      At line 229 in file ..\..\..\Libraries\CMSIS\Device\FT\FT32F0xx\Source\Te
mplates\arm\startup_ft32f030x8.s
   Uses
      At line 101 in file ..\..\..\Libraries\CMSIS\Device\FT\FT32F0xx\Source\Te
mplates\arm\startup_ft32f030x8.s
      At line 200 in file ..\..\..\Libraries\CMSIS\Device\FT\FT32F0xx\Source\Te
mplates\arm\startup_ft32f030x8.s

WWDG_IRQHandler 00000030



ARM Macro Assembler    Page 8 Alphabetic symbol ordering
Relocatable symbols


Symbol: WWDG_IRQHandler
   Definitions
      At line 203 in file ..\..\..\Libraries\CMSIS\Device\FT\FT32F0xx\Source\Te
mplates\arm\startup_ft32f030x8.s
   Uses
      At line 70 in file ..\..\..\Libraries\CMSIS\Device\FT\FT32F0xx\Source\Tem
plates\arm\startup_ft32f030x8.s
      At line 174 in file ..\..\..\Libraries\CMSIS\Device\FT\FT32F0xx\Source\Te
mplates\arm\startup_ft32f030x8.s

36 symbols



ARM Macro Assembler    Page 1 Alphabetic symbol ordering
Absolute symbols

Heap_Size 00000200

Symbol: Heap_Size
   Definitions
      At line 35 in file ..\..\..\Libraries\CMSIS\Device\FT\FT32F0xx\Source\Tem
plates\arm\startup_ft32f030x8.s
   Uses
      At line 39 in file ..\..\..\Libraries\CMSIS\Device\FT\FT32F0xx\Source\Tem
plates\arm\startup_ft32f030x8.s
Comment: Heap_Size used once
Stack_Size 00000400

Symbol: Stack_Size
   Definitions
      At line 24 in file ..\..\..\Libraries\CMSIS\Device\FT\FT32F0xx\Source\Tem
plates\arm\startup_ft32f030x8.s
   Uses
      At line 27 in file ..\..\..\Libraries\CMSIS\Device\FT\FT32F0xx\Source\Tem
plates\arm\startup_ft32f030x8.s
Comment: Stack_Size used once
__Vectors_Size 000000C0

Symbol: __Vectors_Size
   Definitions
      At line 105 in file ..\..\..\Libraries\CMSIS\Device\FT\FT32F0xx\Source\Te
mplates\arm\startup_ft32f030x8.s
   Uses
      At line 50 in file ..\..\..\Libraries\CMSIS\Device\FT\FT32F0xx\Source\Tem
plates\arm\startup_ft32f030x8.s
Comment: __Vectors_Size used once
3 symbols



ARM Macro Assembler    Page 1 Alphabetic symbol ordering
External symbols

SystemInit 00000000

Symbol: SystemInit
   Definitions
      At line 113 in file ..\..\..\Libraries\CMSIS\Device\FT\FT32F0xx\Source\Te
mplates\arm\startup_ft32f030x8.s
   Uses
      At line 142 in file ..\..\..\Libraries\CMSIS\Device\FT\FT32F0xx\Source\Te
mplates\arm\startup_ft32f030x8.s
Comment: SystemInit used once
__main 00000000

Symbol: __main
   Definitions
      At line 112 in file ..\..\..\Libraries\CMSIS\Device\FT\FT32F0xx\Source\Te
mplates\arm\startup_ft32f030x8.s
   Uses
      At line 144 in file ..\..\..\Libraries\CMSIS\Device\FT\FT32F0xx\Source\Te
mplates\arm\startup_ft32f030x8.s
Comment: __main used once
2 symbols
386 symbols in table
